<?xml version="1.0" encoding="UTF-8"?>
<!-- Generated by org.testng.reporters.JUnitReportReporter -->
<testsuite hostname="WINCTRL-TJMA359" name="com.orangehrm.utilities.ExtentTestReport" tests="1" failures="0" timestamp="5 Jun 2020 23:00:27 GMT" time="0.014" errors="0">
  <testcase name="googleTest" time="0.014" classname="com.orangehrm.utilities.ExtentTestReport"/>
</testsuite> <!-- com.orangehrm.utilities.ExtentTestReport -->
